[05/17/21, 17:58:51:174] info: 
╔═════════════════════════════════════════════════════╗
║      Slack 4.15.0, linux 5.12.3-arch1-1 on x64      ║
╚═════════════════════════════════════════════════════╝ 
[05/17/21, 17:58:51:175] info: Configured logger via 
{
  "enableConsoleTransport": true,
  "identifierOverride": "webapp-auth-console",
  "shouldUseNewBackend": false,
  "loggerInstanceCount": 4
}
[05/17/21, 17:58:51:175] info: Predefined values for process 
{
  "NODE_ENV": "production",
  "platform": "linux",
  "type": "browser",
  "timeZone": "America/Los_Angeles",
  "PACKAGE_MANIFEST.productName": "Slack",
  "PACKAGE_MANIFEST.version": "4.15.0",
  "PACKAGE_MANIFEST.commit": "4dffcb7",
  "PACKAGE_MANIFEST.branch": "HEAD"
}
