2021-05-21T17:38:46.076Z I "the monkey has been patched"
2021-05-21T17:38:46.095Z I "version:  ","3.83.3"
2021-05-21T17:38:46.127Z I "config up to date"
2021-05-21T17:38:46.215Z I "scheduling to check sse in",1,"seconds"
2021-05-21T17:38:46.217Z I "startFile: ","file:///opt/tutanota-desktop/resources/app.asar/index-desktop.html"
2021-05-21T17:38:46.295Z I "default mailto handler:",false
2021-05-21T17:38:46.297Z W "device key not found, generating a new one"
2021-05-21T17:38:46.723Z I "Webapp ready"
2021-05-21T17:38:46.723Z I "no update info on disk, disabling updater."
2021-05-21T17:38:46.725Z I "desktop file exists, checking version..."
2021-05-21T17:38:47.217Z I "scheduling to check sse in",10,"seconds"
2021-05-21T17:38:47.217Z I "sse info not available, skip reconnect"
2021-05-21T17:38:57.220Z I "scheduling to check sse in",10,"seconds"
2021-05-21T17:38:57.220Z I "sse info not available, skip reconnect"
2021-05-21T17:39:07.231Z I "scheduling to check sse in",10,"seconds"
2021-05-21T17:39:07.231Z I "sse info not available, skip reconnect"
2021-05-21T17:39:17.240Z I "scheduling to check sse in",10,"seconds"
2021-05-21T17:39:17.240Z I "sse info not available, skip reconnect"
2021-05-21T17:39:23.732Z I "storing push identifier"
2021-05-21T17:39:23.733Z W "device key not found, generating a new one"
2021-05-21T17:39:23.733Z W "device key not found, generating a new one"
2021-05-21T17:39:27.246Z I "scheduling to check sse in",10,"seconds"
2021-05-21T17:39:27.247Z I "sse info not available, skip reconnect"
2021-05-21T17:39:37.257Z I "scheduling to check sse in",10,"seconds"
2021-05-21T17:39:37.257Z I "sse info not available, skip reconnect"
2021-05-21T17:39:47.263Z I "scheduling to check sse in",10,"seconds"
2021-05-21T17:39:47.264Z I "sse info not available, skip reconnect"
2021-05-21T17:39:57.275Z I "scheduling to check sse in",10,"seconds"
2021-05-21T17:39:57.275Z I "sse info not available, skip reconnect"
2021-05-21T17:40:07.285Z I "scheduling to check sse in",10,"seconds"
2021-05-21T17:40:07.286Z I "sse info not available, skip reconnect"
2021-05-21T17:40:17.297Z I "scheduling to check sse in",10,"seconds"
2021-05-21T17:40:17.297Z I "sse info not available, skip reconnect"
2021-05-21T17:40:27.308Z I "scheduling to check sse in",10,"seconds"
2021-05-21T17:40:27.308Z I "sse info not available, skip reconnect"
2021-05-21T17:40:37.318Z I "scheduling to check sse in",10,"seconds"
2021-05-21T17:40:37.318Z I "sse info not available, skip reconnect"
2021-05-21T17:40:47.327Z I "scheduling to check sse in",10,"seconds"
2021-05-21T17:40:47.327Z I "sse info not available, skip reconnect"
2021-05-21T17:40:57.337Z I "scheduling to check sse in",10,"seconds"
2021-05-21T17:40:57.337Z I "sse info not available, skip reconnect"
2021-05-21T17:41:07.347Z I "scheduling to check sse in",10,"seconds"
2021-05-21T17:41:07.348Z I "sse info not available, skip reconnect"
2021-05-21T17:41:17.357Z I "scheduling to check sse in",10,"seconds"
2021-05-21T17:41:17.358Z I "sse info not available, skip reconnect"
2021-05-21T17:41:27.363Z I "scheduling to check sse in",10,"seconds"
2021-05-21T17:41:27.363Z I "sse info not available, skip reconnect"
2021-05-21T17:41:37.374Z I "scheduling to check sse in",10,"seconds"
2021-05-21T17:41:37.374Z I "sse info not available, skip reconnect"
2021-05-21T17:41:47.385Z I "scheduling to check sse in",10,"seconds"
2021-05-21T17:41:47.385Z I "sse info not available, skip reconnect"
2021-05-21T17:41:57.396Z I "scheduling to check sse in",10,"seconds"
2021-05-21T17:41:57.396Z I "sse info not available, skip reconnect"
2021-05-21T17:42:07.404Z I "scheduling to check sse in",10,"seconds"
2021-05-21T17:42:07.404Z I "sse info not available, skip reconnect"
2021-05-21T17:42:17.414Z I "scheduling to check sse in",10,"seconds"
2021-05-21T17:42:17.414Z I "sse info not available, skip reconnect"
2021-05-21T17:42:27.423Z I "scheduling to check sse in",10,"seconds"
2021-05-21T17:42:27.423Z I "sse info not available, skip reconnect"
2021-05-21T17:42:37.434Z I "scheduling to check sse in",10,"seconds"
2021-05-21T17:42:37.434Z I "sse info not available, skip reconnect"
2021-05-21T17:42:47.445Z I "scheduling to check sse in",10,"seconds"
2021-05-21T17:42:47.445Z I "sse info not available, skip reconnect"
2021-05-21T17:42:57.453Z I "scheduling to check sse in",10,"seconds"
2021-05-21T17:42:57.454Z I "sse info not available, skip reconnect"
2021-05-21T17:43:07.464Z I "scheduling to check sse in",10,"seconds"
2021-05-21T17:43:07.464Z I "sse info not available, skip reconnect"
2021-05-21T17:43:17.474Z I "scheduling to check sse in",10,"seconds"
2021-05-21T17:43:17.474Z I "sse info not available, skip reconnect"
2021-05-21T17:43:27.484Z I "scheduling to check sse in",10,"seconds"
2021-05-21T17:43:27.484Z I "sse info not available, skip reconnect"