2021-03-19T20:24:31.110Z I "the monkey has been patched"
2021-03-19T20:24:31.121Z I "config up to date"
2021-03-19T20:24:31.127Z I "version:  ","3.82.11"
2021-03-19T20:24:31.223Z I "alarm storage initialized"
2021-03-19T20:24:31.238Z I "scheduling to check sse in",1,"seconds"
2021-03-19T20:24:31.239Z I "startFile: ","file:///opt/tutanota-desktop/resources/app.asar/index-desktop.html"
2021-03-19T20:24:31.342Z I "default mailto handler:",false
2021-03-19T20:24:31.795Z I "Webapp ready"
2021-03-19T20:24:31.795Z I "no update info on disk, disabling updater."
2021-03-19T20:24:31.796Z I "desktop file exists, checking version..."
2021-03-19T20:24:32.239Z I "scheduling to check sse in",10,"seconds"
2021-03-19T20:24:32.239Z I "sse info not available, skip reconnect"
2021-03-19T20:24:42.240Z I "scheduling to check sse in",10,"seconds"
2021-03-19T20:24:42.240Z I "sse info not available, skip reconnect"
2021-03-19T20:24:52.250Z I "scheduling to check sse in",10,"seconds"
2021-03-19T20:24:52.250Z I "sse info not available, skip reconnect"
2021-03-19T20:25:01.183Z I "failed to load resource: ","ERR_BLOCKED_BY_CSP"
2021-03-19T20:25:02.251Z I "scheduling to check sse in",10,"seconds"
2021-03-19T20:25:02.251Z I "sse info not available, skip reconnect"
2021-03-19T20:25:12.255Z I "scheduling to check sse in",10,"seconds"
2021-03-19T20:25:12.255Z I "sse info not available, skip reconnect"
2021-03-19T20:25:22.266Z I "scheduling to check sse in",10,"seconds"
2021-03-19T20:25:22.266Z I "sse info not available, skip reconnect"
2021-03-19T20:25:32.274Z I "scheduling to check sse in",10,"seconds"
2021-03-19T20:25:32.274Z I "sse info not available, skip reconnect"
2021-03-19T20:25:42.283Z I "scheduling to check sse in",10,"seconds"
2021-03-19T20:25:42.283Z I "sse info not available, skip reconnect"
2021-03-19T20:25:52.292Z I "scheduling to check sse in",10,"seconds"
2021-03-19T20:25:52.292Z I "sse info not available, skip reconnect"
2021-03-19T20:26:02.302Z I "scheduling to check sse in",10,"seconds"
2021-03-19T20:26:02.302Z I "sse info not available, skip reconnect"
2021-03-19T20:26:12.311Z I "scheduling to check sse in",10,"seconds"
2021-03-19T20:26:12.311Z I "sse info not available, skip reconnect"
2021-03-19T20:26:22.321Z I "scheduling to check sse in",10,"seconds"
2021-03-19T20:26:22.321Z I "sse info not available, skip reconnect"
2021-03-19T20:26:32.330Z I "scheduling to check sse in",10,"seconds"
2021-03-19T20:26:32.330Z I "sse info not available, skip reconnect"
2021-03-19T20:26:42.340Z I "scheduling to check sse in",10,"seconds"
2021-03-19T20:26:42.340Z I "sse info not available, skip reconnect"
2021-03-19T20:26:52.351Z I "scheduling to check sse in",10,"seconds"
2021-03-19T20:26:52.351Z I "sse info not available, skip reconnect"
2021-03-19T20:27:02.359Z I "scheduling to check sse in",10,"seconds"
2021-03-19T20:27:02.359Z I "sse info not available, skip reconnect"
2021-03-19T20:27:12.369Z I "scheduling to check sse in",10,"seconds"
2021-03-19T20:27:12.369Z I "sse info not available, skip reconnect"
2021-03-19T20:27:22.379Z I "scheduling to check sse in",10,"seconds"
2021-03-19T20:27:22.379Z I "sse info not available, skip reconnect"
2021-03-19T20:27:32.390Z I "scheduling to check sse in",10,"seconds"
2021-03-19T20:27:32.390Z I "sse info not available, skip reconnect"
2021-03-19T20:27:42.400Z I "scheduling to check sse in",10,"seconds"
2021-03-19T20:27:42.400Z I "sse info not available, skip reconnect"
2021-03-19T20:27:52.408Z I "scheduling to check sse in",10,"seconds"
2021-03-19T20:27:52.408Z I "sse info not available, skip reconnect"
2021-03-19T20:28:02.418Z I "scheduling to check sse in",10,"seconds"
2021-03-19T20:28:02.418Z I "sse info not available, skip reconnect"
2021-03-19T20:28:12.427Z I "scheduling to check sse in",10,"seconds"
2021-03-19T20:28:12.427Z I "sse info not available, skip reconnect"
2021-03-19T20:28:22.437Z I "scheduling to check sse in",10,"seconds"
2021-03-19T20:28:22.437Z I "sse info not available, skip reconnect"
2021-03-19T20:28:32.446Z I "scheduling to check sse in",10,"seconds"
2021-03-19T20:28:32.446Z I "sse info not available, skip reconnect"
2021-03-19T20:28:42.456Z I "scheduling to check sse in",10,"seconds"
2021-03-19T20:28:42.456Z I "sse info not available, skip reconnect"
2021-03-19T20:28:52.467Z I "scheduling to check sse in",10,"seconds"
2021-03-19T20:28:52.467Z I "sse info not available, skip reconnect"
2021-03-19T20:29:02.476Z I "scheduling to check sse in",10,"seconds"
2021-03-19T20:29:02.477Z I "sse info not available, skip reconnect"
2021-03-19T20:29:12.486Z I "scheduling to check sse in",10,"seconds"
2021-03-19T20:29:12.486Z I "sse info not available, skip reconnect"
2021-03-19T20:29:22.496Z I "scheduling to check sse in",10,"seconds"
2021-03-19T20:29:22.496Z I "sse info not available, skip reconnect"
2021-03-19T20:29:32.506Z I "scheduling to check sse in",10,"seconds"
2021-03-19T20:29:32.506Z I "sse info not available, skip reconnect"
2021-03-19T20:29:42.515Z I "scheduling to check sse in",10,"seconds"
2021-03-19T20:29:42.515Z I "sse info not available, skip reconnect"
2021-03-19T20:29:52.522Z I "scheduling to check sse in",10,"seconds"
2021-03-19T20:29:52.522Z I "sse info not available, skip reconnect"
2021-03-19T20:30:02.532Z I "scheduling to check sse in",10,"seconds"
2021-03-19T20:30:02.532Z I "sse info not available, skip reconnect"
2021-03-19T20:30:12.542Z I "scheduling to check sse in",10,"seconds"
2021-03-19T20:30:12.542Z I "sse info not available, skip reconnect"
2021-03-19T20:30:22.553Z I "scheduling to check sse in",10,"seconds"
2021-03-19T20:30:22.553Z I "sse info not available, skip reconnect"
2021-03-19T20:30:32.562Z I "scheduling to check sse in",10,"seconds"
2021-03-19T20:30:32.562Z I "sse info not available, skip reconnect"
2021-03-19T20:30:42.573Z I "scheduling to check sse in",10,"seconds"
2021-03-19T20:30:42.573Z I "sse info not available, skip reconnect"
2021-03-19T20:30:52.582Z I "scheduling to check sse in",10,"seconds"
2021-03-19T20:30:52.582Z I "sse info not available, skip reconnect"
2021-03-19T20:31:02.592Z I "scheduling to check sse in",10,"seconds"
2021-03-19T20:31:02.592Z I "sse info not available, skip reconnect"
2021-03-19T20:31:12.602Z I "scheduling to check sse in",10,"seconds"
2021-03-19T20:31:12.602Z I "sse info not available, skip reconnect"
2021-03-19T20:31:22.612Z I "scheduling to check sse in",10,"seconds"
2021-03-19T20:31:22.612Z I "sse info not available, skip reconnect"
2021-03-19T20:31:32.622Z I "scheduling to check sse in",10,"seconds"
2021-03-19T20:31:32.622Z I "sse info not available, skip reconnect"
2021-03-19T20:31:42.631Z I "scheduling to check sse in",10,"seconds"
2021-03-19T20:31:42.631Z I "sse info not available, skip reconnect"
2021-03-19T20:31:52.642Z I "scheduling to check sse in",10,"seconds"
2021-03-19T20:31:52.642Z I "sse info not available, skip reconnect"
2021-03-19T20:32:02.651Z I "scheduling to check sse in",10,"seconds"
2021-03-19T20:32:02.651Z I "sse info not available, skip reconnect"
2021-03-19T20:32:12.660Z I "scheduling to check sse in",10,"seconds"
2021-03-19T20:32:12.660Z I "sse info not available, skip reconnect"
2021-03-19T20:32:22.671Z I "scheduling to check sse in",10,"seconds"
2021-03-19T20:32:22.671Z I "sse info not available, skip reconnect"
2021-03-19T20:32:32.680Z I "scheduling to check sse in",10,"seconds"
2021-03-19T20:32:32.680Z I "sse info not available, skip reconnect"
2021-03-19T20:32:42.690Z I "scheduling to check sse in",10,"seconds"
2021-03-19T20:32:42.690Z I "sse info not available, skip reconnect"
2021-03-19T20:32:52.699Z I "scheduling to check sse in",10,"seconds"
2021-03-19T20:32:52.699Z I "sse info not available, skip reconnect"
2021-03-19T20:33:02.708Z I "scheduling to check sse in",10,"seconds"
2021-03-19T20:33:02.708Z I "sse info not available, skip reconnect"
2021-03-19T20:33:12.718Z I "scheduling to check sse in",10,"seconds"
2021-03-19T20:33:12.718Z I "sse info not available, skip reconnect"
2021-03-19T20:33:22.726Z I "scheduling to check sse in",10,"seconds"
2021-03-19T20:33:22.726Z I "sse info not available, skip reconnect"
2021-03-19T20:33:32.735Z I "scheduling to check sse in",10,"seconds"
2021-03-19T20:33:32.735Z I "sse info not available, skip reconnect"
2021-03-19T20:33:42.744Z I "scheduling to check sse in",10,"seconds"
2021-03-19T20:33:42.744Z I "sse info not available, skip reconnect"
2021-03-19T20:33:52.755Z I "scheduling to check sse in",10,"seconds"
2021-03-19T20:33:52.755Z I "sse info not available, skip reconnect"
2021-03-19T20:34:02.764Z I "scheduling to check sse in",10,"seconds"
2021-03-19T20:34:02.764Z I "sse info not available, skip reconnect"
2021-03-19T20:34:12.775Z I "scheduling to check sse in",10,"seconds"
2021-03-19T20:34:12.775Z I "sse info not available, skip reconnect"
2021-03-19T20:34:22.784Z I "scheduling to check sse in",10,"seconds"
2021-03-19T20:34:22.784Z I "sse info not available, skip reconnect"
2021-03-19T20:34:32.794Z I "scheduling to check sse in",10,"seconds"
2021-03-19T20:34:32.794Z I "sse info not available, skip reconnect"
2021-03-19T20:34:42.803Z I "scheduling to check sse in",10,"seconds"
2021-03-19T20:34:42.803Z I "sse info not available, skip reconnect"
2021-03-19T20:34:52.812Z I "scheduling to check sse in",10,"seconds"
2021-03-19T20:34:52.812Z I "sse info not available, skip reconnect"
2021-03-19T20:35:02.823Z I "scheduling to check sse in",10,"seconds"
2021-03-19T20:35:02.823Z I "sse info not available, skip reconnect"
2021-03-19T20:35:12.832Z I "scheduling to check sse in",10,"seconds"
2021-03-19T20:35:12.832Z I "sse info not available, skip reconnect"
2021-03-19T20:35:22.843Z I "scheduling to check sse in",10,"seconds"
2021-03-19T20:35:22.843Z I "sse info not available, skip reconnect"
2021-03-19T20:35:32.845Z I "scheduling to check sse in",10,"seconds"
2021-03-19T20:35:32.846Z I "sse info not available, skip reconnect"
2021-03-19T20:35:42.855Z I "scheduling to check sse in",10,"seconds"
2021-03-19T20:35:42.855Z I "sse info not available, skip reconnect"
2021-03-19T20:35:52.864Z I "scheduling to check sse in",10,"seconds"
2021-03-19T20:35:52.864Z I "sse info not available, skip reconnect"
2021-03-19T20:36:02.874Z I "scheduling to check sse in",10,"seconds"
2021-03-19T20:36:02.874Z I "sse info not available, skip reconnect"
2021-03-19T20:36:12.882Z I "scheduling to check sse in",10,"seconds"
2021-03-19T20:36:12.882Z I "sse info not available, skip reconnect"
2021-03-19T20:36:22.891Z I "scheduling to check sse in",10,"seconds"
2021-03-19T20:36:22.891Z I "sse info not available, skip reconnect"
2021-03-19T20:36:32.902Z I "scheduling to check sse in",10,"seconds"
2021-03-19T20:36:32.902Z I "sse info not available, skip reconnect"
2021-03-19T20:36:42.912Z I "scheduling to check sse in",10,"seconds"
2021-03-19T20:36:42.912Z I "sse info not available, skip reconnect"
2021-03-19T20:36:52.922Z I "scheduling to check sse in",10,"seconds"
2021-03-19T20:36:52.922Z I "sse info not available, skip reconnect"
2021-03-19T20:37:02.932Z I "scheduling to check sse in",10,"seconds"
2021-03-19T20:37:02.932Z I "sse info not available, skip reconnect"
2021-03-19T20:37:12.942Z I "scheduling to check sse in",10,"seconds"
2021-03-19T20:37:12.942Z I "sse info not available, skip reconnect"
2021-03-19T20:37:22.951Z I "scheduling to check sse in",10,"seconds"
2021-03-19T20:37:22.951Z I "sse info not available, skip reconnect"
2021-03-19T20:37:32.961Z I "scheduling to check sse in",10,"seconds"
2021-03-19T20:37:32.961Z I "sse info not available, skip reconnect"
2021-03-19T20:37:42.970Z I "scheduling to check sse in",10,"seconds"
2021-03-19T20:37:42.970Z I "sse info not available, skip reconnect"
2021-03-19T20:37:52.981Z I "scheduling to check sse in",10,"seconds"
2021-03-19T20:37:52.981Z I "sse info not available, skip reconnect"
2021-03-19T20:38:02.990Z I "scheduling to check sse in",10,"seconds"
2021-03-19T20:38:02.990Z I "sse info not available, skip reconnect"
2021-03-19T20:38:12.999Z I "scheduling to check sse in",10,"seconds"
2021-03-19T20:38:13.000Z I "sse info not available, skip reconnect"
2021-03-19T20:38:23.009Z I "scheduling to check sse in",10,"seconds"
2021-03-19T20:38:23.009Z I "sse info not available, skip reconnect"
2021-03-19T20:38:33.018Z I "scheduling to check sse in",10,"seconds"
2021-03-19T20:38:33.018Z I "sse info not available, skip reconnect"
2021-03-19T20:38:43.028Z I "scheduling to check sse in",10,"seconds"
2021-03-19T20:38:43.028Z I "sse info not available, skip reconnect"
2021-03-19T20:38:53.038Z I "scheduling to check sse in",10,"seconds"
2021-03-19T20:38:53.038Z I "sse info not available, skip reconnect"
2021-03-19T20:39:03.047Z I "scheduling to check sse in",10,"seconds"
2021-03-19T20:39:03.047Z I "sse info not available, skip reconnect"
2021-03-19T20:39:13.057Z I "scheduling to check sse in",10,"seconds"
2021-03-19T20:39:13.057Z I "sse info not available, skip reconnect"
2021-03-19T20:39:23.067Z I "scheduling to check sse in",10,"seconds"
2021-03-19T20:39:23.067Z I "sse info not available, skip reconnect"
2021-03-19T20:39:33.078Z I "scheduling to check sse in",10,"seconds"
2021-03-19T20:39:33.078Z I "sse info not available, skip reconnect"
2021-03-19T20:39:43.087Z I "scheduling to check sse in",10,"seconds"
2021-03-19T20:39:43.087Z I "sse info not available, skip reconnect"
2021-03-19T20:39:53.097Z I "scheduling to check sse in",10,"seconds"
2021-03-19T20:39:53.098Z I "sse info not available, skip reconnect"
2021-03-19T20:40:03.107Z I "scheduling to check sse in",10,"seconds"
2021-03-19T20:40:03.107Z I "sse info not available, skip reconnect"
2021-03-19T20:40:13.114Z I "scheduling to check sse in",10,"seconds"
2021-03-19T20:40:13.114Z I "sse info not available, skip reconnect"
2021-03-19T20:40:23.123Z I "scheduling to check sse in",10,"seconds"
2021-03-19T20:40:23.123Z I "sse info not available, skip reconnect"
2021-03-19T20:40:33.127Z I "scheduling to check sse in",10,"seconds"
2021-03-19T20:40:33.127Z I "sse info not available, skip reconnect"
2021-03-19T20:40:43.136Z I "scheduling to check sse in",10,"seconds"
2021-03-19T20:40:43.136Z I "sse info not available, skip reconnect"
2021-03-19T20:40:53.145Z I "scheduling to check sse in",10,"seconds"
2021-03-19T20:40:53.146Z I "sse info not available, skip reconnect"
2021-03-19T20:41:03.155Z I "scheduling to check sse in",10,"seconds"
2021-03-19T20:41:03.155Z I "sse info not available, skip reconnect"
2021-03-19T20:41:13.164Z I "scheduling to check sse in",10,"seconds"
2021-03-19T20:41:13.164Z I "sse info not available, skip reconnect"
2021-03-19T20:41:23.174Z I "scheduling to check sse in",10,"seconds"
2021-03-19T20:41:23.174Z I "sse info not available, skip reconnect"
2021-03-19T20:41:33.184Z I "scheduling to check sse in",10,"seconds"
2021-03-19T20:41:33.184Z I "sse info not available, skip reconnect"
2021-03-19T20:41:43.194Z I "scheduling to check sse in",10,"seconds"
2021-03-19T20:41:43.194Z I "sse info not available, skip reconnect"
2021-03-19T20:41:53.203Z I "scheduling to check sse in",10,"seconds"
2021-03-19T20:41:53.203Z I "sse info not available, skip reconnect"
2021-03-19T20:42:03.212Z I "scheduling to check sse in",10,"seconds"
2021-03-19T20:42:03.212Z I "sse info not available, skip reconnect"
2021-03-19T20:42:13.222Z I "scheduling to check sse in",10,"seconds"
2021-03-19T20:42:13.222Z I "sse info not available, skip reconnect"
2021-03-19T20:42:23.232Z I "scheduling to check sse in",10,"seconds"
2021-03-19T20:42:23.232Z I "sse info not available, skip reconnect"
2021-03-19T20:42:33.243Z I "scheduling to check sse in",10,"seconds"
2021-03-19T20:42:33.243Z I "sse info not available, skip reconnect"
2021-03-19T20:42:43.253Z I "scheduling to check sse in",10,"seconds"
2021-03-19T20:42:43.253Z I "sse info not available, skip reconnect"
2021-03-19T20:42:53.263Z I "scheduling to check sse in",10,"seconds"
2021-03-19T20:42:53.263Z I "sse info not available, skip reconnect"
2021-03-19T20:43:03.272Z I "scheduling to check sse in",10,"seconds"
2021-03-19T20:43:03.272Z I "sse info not available, skip reconnect"
2021-03-19T20:43:13.282Z I "scheduling to check sse in",10,"seconds"
2021-03-19T20:43:13.282Z I "sse info not available, skip reconnect"
2021-03-19T20:43:23.292Z I "scheduling to check sse in",10,"seconds"
2021-03-19T20:43:23.292Z I "sse info not available, skip reconnect"
2021-03-19T20:43:33.303Z I "scheduling to check sse in",10,"seconds"
2021-03-19T20:43:33.303Z I "sse info not available, skip reconnect"
2021-03-19T20:43:43.313Z I "scheduling to check sse in",10,"seconds"
2021-03-19T20:43:43.313Z I "sse info not available, skip reconnect"
2021-03-19T20:43:53.323Z I "scheduling to check sse in",10,"seconds"
2021-03-19T20:43:53.323Z I "sse info not available, skip reconnect"
2021-03-19T20:44:03.333Z I "scheduling to check sse in",10,"seconds"
2021-03-19T20:44:03.333Z I "sse info not available, skip reconnect"
2021-03-19T20:44:13.344Z I "scheduling to check sse in",10,"seconds"
2021-03-19T20:44:13.344Z I "sse info not available, skip reconnect"
2021-03-19T20:44:23.353Z I "scheduling to check sse in",10,"seconds"
2021-03-19T20:44:23.354Z I "sse info not available, skip reconnect"
2021-03-19T20:44:33.364Z I "scheduling to check sse in",10,"seconds"
2021-03-19T20:44:33.364Z I "sse info not available, skip reconnect"
2021-03-19T20:44:43.365Z I "scheduling to check sse in",10,"seconds"
2021-03-19T20:44:43.366Z I "sse info not available, skip reconnect"
2021-03-19T20:44:53.376Z I "scheduling to check sse in",10,"seconds"
2021-03-19T20:44:53.376Z I "sse info not available, skip reconnect"
2021-03-19T20:45:03.385Z I "scheduling to check sse in",10,"seconds"
2021-03-19T20:45:03.385Z I "sse info not available, skip reconnect"
2021-03-19T20:45:13.396Z I "scheduling to check sse in",10,"seconds"
2021-03-19T20:45:13.396Z I "sse info not available, skip reconnect"
2021-03-19T20:45:23.405Z I "scheduling to check sse in",10,"seconds"
2021-03-19T20:45:23.405Z I "sse info not available, skip reconnect"
2021-03-19T20:45:33.415Z I "scheduling to check sse in",10,"seconds"
2021-03-19T20:45:33.415Z I "sse info not available, skip reconnect"
2021-03-19T20:45:43.424Z I "scheduling to check sse in",10,"seconds"
2021-03-19T20:45:43.424Z I "sse info not available, skip reconnect"
2021-03-19T20:45:53.434Z I "scheduling to check sse in",10,"seconds"
2021-03-19T20:45:53.434Z I "sse info not available, skip reconnect"
2021-03-19T20:46:03.436Z I "scheduling to check sse in",10,"seconds"
2021-03-19T20:46:03.436Z I "sse info not available, skip reconnect"
2021-03-19T20:46:13.446Z I "scheduling to check sse in",10,"seconds"
2021-03-19T20:46:13.446Z I "sse info not available, skip reconnect"
2021-03-19T20:46:23.455Z I "scheduling to check sse in",10,"seconds"
2021-03-19T20:46:23.455Z I "sse info not available, skip reconnect"
2021-03-19T20:46:33.465Z I "scheduling to check sse in",10,"seconds"
2021-03-19T20:46:33.465Z I "sse info not available, skip reconnect"
2021-03-19T20:46:43.475Z I "scheduling to check sse in",10,"seconds"
2021-03-19T20:46:43.475Z I "sse info not available, skip reconnect"
2021-03-19T20:46:53.484Z I "scheduling to check sse in",10,"seconds"
2021-03-19T20:46:53.484Z I "sse info not available, skip reconnect"
2021-03-19T20:47:03.495Z I "scheduling to check sse in",10,"seconds"
2021-03-19T20:47:03.495Z I "sse info not available, skip reconnect"
2021-03-19T20:47:13.504Z I "scheduling to check sse in",10,"seconds"
2021-03-19T20:47:13.504Z I "sse info not available, skip reconnect"
2021-03-19T20:47:23.515Z I "scheduling to check sse in",10,"seconds"
2021-03-19T20:47:23.515Z I "sse info not available, skip reconnect"
2021-03-19T20:47:33.524Z I "scheduling to check sse in",10,"seconds"
2021-03-19T20:47:33.524Z I "sse info not available, skip reconnect"
2021-03-19T20:47:43.531Z I "scheduling to check sse in",10,"seconds"
2021-03-19T20:47:43.531Z I "sse info not available, skip reconnect"
2021-03-19T20:47:53.539Z I "scheduling to check sse in",10,"seconds"
2021-03-19T20:47:53.539Z I "sse info not available, skip reconnect"
2021-03-19T20:48:03.550Z I "scheduling to check sse in",10,"seconds"
2021-03-19T20:48:03.550Z I "sse info not available, skip reconnect"
2021-03-19T20:48:13.559Z I "scheduling to check sse in",10,"seconds"
2021-03-19T20:48:13.559Z I "sse info not available, skip reconnect"
2021-03-19T20:48:23.568Z I "scheduling to check sse in",10,"seconds"
2021-03-19T20:48:23.568Z I "sse info not available, skip reconnect"
2021-03-19T20:48:33.577Z I "scheduling to check sse in",10,"seconds"
2021-03-19T20:48:33.577Z I "sse info not available, skip reconnect"
2021-03-19T20:48:43.588Z I "scheduling to check sse in",10,"seconds"
2021-03-19T20:48:43.588Z I "sse info not available, skip reconnect"
2021-03-19T20:48:53.599Z I "scheduling to check sse in",10,"seconds"
2021-03-19T20:48:53.599Z I "sse info not available, skip reconnect"
2021-03-19T20:49:03.609Z I "scheduling to check sse in",10,"seconds"
2021-03-19T20:49:03.609Z I "sse info not available, skip reconnect"
2021-03-19T20:49:13.619Z I "scheduling to check sse in",10,"seconds"
2021-03-19T20:49:13.619Z I "sse info not available, skip reconnect"
2021-03-19T20:49:23.629Z I "scheduling to check sse in",10,"seconds"
2021-03-19T20:49:23.629Z I "sse info not available, skip reconnect"
2021-03-19T20:49:33.639Z I "scheduling to check sse in",10,"seconds"
2021-03-19T20:49:33.639Z I "sse info not available, skip reconnect"
2021-03-19T20:49:43.650Z I "scheduling to check sse in",10,"seconds"
2021-03-19T20:49:43.650Z I "sse info not available, skip reconnect"
2021-03-19T20:49:53.659Z I "scheduling to check sse in",10,"seconds"
2021-03-19T20:49:53.659Z I "sse info not available, skip reconnect"
2021-03-19T20:50:03.669Z I "scheduling to check sse in",10,"seconds"
2021-03-19T20:50:03.669Z I "sse info not available, skip reconnect"
2021-03-19T20:50:13.679Z I "scheduling to check sse in",10,"seconds"
2021-03-19T20:50:13.679Z I "sse info not available, skip reconnect"
2021-03-19T20:50:23.689Z I "scheduling to check sse in",10,"seconds"
2021-03-19T20:50:23.689Z I "sse info not available, skip reconnect"
2021-03-19T20:50:33.695Z I "scheduling to check sse in",10,"seconds"
2021-03-19T20:50:33.695Z I "sse info not available, skip reconnect"
2021-03-19T20:50:43.705Z I "scheduling to check sse in",10,"seconds"
2021-03-19T20:50:43.705Z I "sse info not available, skip reconnect"
2021-03-19T20:50:53.715Z I "scheduling to check sse in",10,"seconds"
2021-03-19T20:50:53.715Z I "sse info not available, skip reconnect"
2021-03-19T20:51:03.724Z I "scheduling to check sse in",10,"seconds"
2021-03-19T20:51:03.724Z I "sse info not available, skip reconnect"
2021-03-19T20:51:13.735Z I "scheduling to check sse in",10,"seconds"
2021-03-19T20:51:13.735Z I "sse info not available, skip reconnect"
2021-03-19T20:51:23.743Z I "scheduling to check sse in",10,"seconds"
2021-03-19T20:51:23.743Z I "sse info not available, skip reconnect"
2021-03-19T20:51:33.753Z I "scheduling to check sse in",10,"seconds"
2021-03-19T20:51:33.753Z I "sse info not available, skip reconnect"
2021-03-19T20:51:43.764Z I "scheduling to check sse in",10,"seconds"
2021-03-19T20:51:43.764Z I "sse info not available, skip reconnect"
2021-03-19T20:51:53.774Z I "scheduling to check sse in",10,"seconds"
2021-03-19T20:51:53.774Z I "sse info not available, skip reconnect"
2021-03-19T20:52:03.779Z I "scheduling to check sse in",10,"seconds"
2021-03-19T20:52:03.779Z I "sse info not available, skip reconnect"
2021-03-19T20:52:13.789Z I "scheduling to check sse in",10,"seconds"
2021-03-19T20:52:13.789Z I "sse info not available, skip reconnect"
2021-03-19T20:52:23.800Z I "scheduling to check sse in",10,"seconds"
2021-03-19T20:52:23.800Z I "sse info not available, skip reconnect"
2021-03-19T20:52:33.809Z I "scheduling to check sse in",10,"seconds"
2021-03-19T20:52:33.809Z I "sse info not available, skip reconnect"
2021-03-19T20:52:43.820Z I "scheduling to check sse in",10,"seconds"
2021-03-19T20:52:43.820Z I "sse info not available, skip reconnect"
2021-03-19T20:52:53.829Z I "scheduling to check sse in",10,"seconds"
2021-03-19T20:52:53.829Z I "sse info not available, skip reconnect"
2021-03-19T20:53:03.839Z I "scheduling to check sse in",10,"seconds"
2021-03-19T20:53:03.839Z I "sse info not available, skip reconnect"
2021-03-19T20:53:13.850Z I "scheduling to check sse in",10,"seconds"
2021-03-19T20:53:13.850Z I "sse info not available, skip reconnect"
2021-03-19T20:53:23.859Z I "scheduling to check sse in",10,"seconds"
2021-03-19T20:53:23.859Z I "sse info not available, skip reconnect"
2021-03-19T20:53:33.868Z I "scheduling to check sse in",10,"seconds"
2021-03-19T20:53:33.868Z I "sse info not available, skip reconnect"
2021-03-19T20:53:43.877Z I "scheduling to check sse in",10,"seconds"
2021-03-19T20:53:43.878Z I "sse info not available, skip reconnect"
2021-03-19T20:53:53.887Z I "scheduling to check sse in",10,"seconds"
2021-03-19T20:53:53.887Z I "sse info not available, skip reconnect"
2021-03-19T20:54:03.897Z I "scheduling to check sse in",10,"seconds"
2021-03-19T20:54:03.897Z I "sse info not available, skip reconnect"
2021-03-19T20:54:13.907Z I "scheduling to check sse in",10,"seconds"
2021-03-19T20:54:13.907Z I "sse info not available, skip reconnect"
2021-03-19T20:54:23.917Z I "scheduling to check sse in",10,"seconds"
2021-03-19T20:54:23.917Z I "sse info not available, skip reconnect"
2021-03-19T20:54:33.928Z I "scheduling to check sse in",10,"seconds"
2021-03-19T20:54:33.928Z I "sse info not available, skip reconnect"
2021-03-19T20:54:43.938Z I "scheduling to check sse in",10,"seconds"
2021-03-19T20:54:43.938Z I "sse info not available, skip reconnect"
2021-03-19T20:54:53.948Z I "scheduling to check sse in",10,"seconds"
2021-03-19T20:54:53.948Z I "sse info not available, skip reconnect"
2021-03-19T20:55:03.958Z I "scheduling to check sse in",10,"seconds"
2021-03-19T20:55:03.958Z I "sse info not available, skip reconnect"
2021-03-19T20:55:13.967Z I "scheduling to check sse in",10,"seconds"
2021-03-19T20:55:13.967Z I "sse info not available, skip reconnect"
2021-03-19T20:55:23.976Z I "scheduling to check sse in",10,"seconds"
2021-03-19T20:55:23.976Z I "sse info not available, skip reconnect"
2021-03-19T20:55:33.985Z I "scheduling to check sse in",10,"seconds"
2021-03-19T20:55:33.985Z I "sse info not available, skip reconnect"
2021-03-19T20:55:43.995Z I "scheduling to check sse in",10,"seconds"
2021-03-19T20:55:43.995Z I "sse info not available, skip reconnect"
2021-03-19T20:55:54.004Z I "scheduling to check sse in",10,"seconds"
2021-03-19T20:55:54.004Z I "sse info not available, skip reconnect"
2021-03-19T20:56:04.014Z I "scheduling to check sse in",10,"seconds"
2021-03-19T20:56:04.014Z I "sse info not available, skip reconnect"
2021-03-19T20:56:14.024Z I "scheduling to check sse in",10,"seconds"
2021-03-19T20:56:14.024Z I "sse info not available, skip reconnect"
2021-03-19T20:56:24.034Z I "scheduling to check sse in",10,"seconds"
2021-03-19T20:56:24.034Z I "sse info not available, skip reconnect"
2021-03-19T20:56:34.044Z I "scheduling to check sse in",10,"seconds"
2021-03-19T20:56:34.044Z I "sse info not available, skip reconnect"
2021-03-19T20:56:44.051Z I "scheduling to check sse in",10,"seconds"
2021-03-19T20:56:44.051Z I "sse info not available, skip reconnect"
2021-03-19T20:56:54.061Z I "scheduling to check sse in",10,"seconds"
2021-03-19T20:56:54.061Z I "sse info not available, skip reconnect"
2021-03-19T20:57:04.071Z I "scheduling to check sse in",10,"seconds"
2021-03-19T20:57:04.071Z I "sse info not available, skip reconnect"
2021-03-19T20:57:14.081Z I "scheduling to check sse in",10,"seconds"
2021-03-19T20:57:14.081Z I "sse info not available, skip reconnect"
2021-03-19T20:57:24.091Z I "scheduling to check sse in",10,"seconds"
2021-03-19T20:57:24.091Z I "sse info not available, skip reconnect"
2021-03-19T20:57:34.100Z I "scheduling to check sse in",10,"seconds"
2021-03-19T20:57:34.100Z I "sse info not available, skip reconnect"
2021-03-19T20:57:44.107Z I "scheduling to check sse in",10,"seconds"
2021-03-19T20:57:44.107Z I "sse info not available, skip reconnect"
2021-03-19T20:57:54.118Z I "scheduling to check sse in",10,"seconds"
2021-03-19T20:57:54.118Z I "sse info not available, skip reconnect"
2021-03-19T20:58:04.128Z I "scheduling to check sse in",10,"seconds"
2021-03-19T20:58:04.128Z I "sse info not available, skip reconnect"
2021-03-19T20:58:14.138Z I "scheduling to check sse in",10,"seconds"
2021-03-19T20:58:14.138Z I "sse info not available, skip reconnect"
2021-03-19T20:58:24.148Z I "scheduling to check sse in",10,"seconds"
2021-03-19T20:58:24.148Z I "sse info not available, skip reconnect"
2021-03-19T20:58:34.158Z I "scheduling to check sse in",10,"seconds"
2021-03-19T20:58:34.158Z I "sse info not available, skip reconnect"
2021-03-19T20:58:44.167Z I "scheduling to check sse in",10,"seconds"
2021-03-19T20:58:44.167Z I "sse info not available, skip reconnect"
2021-03-19T20:58:54.177Z I "scheduling to check sse in",10,"seconds"
2021-03-19T20:58:54.177Z I "sse info not available, skip reconnect"
2021-03-19T20:59:04.187Z I "scheduling to check sse in",10,"seconds"
2021-03-19T20:59:04.187Z I "sse info not available, skip reconnect"
2021-03-19T20:59:14.197Z I "scheduling to check sse in",10,"seconds"
2021-03-19T20:59:14.197Z I "sse info not available, skip reconnect"
2021-03-19T20:59:24.207Z I "scheduling to check sse in",10,"seconds"
2021-03-19T20:59:24.207Z I "sse info not available, skip reconnect"
2021-03-19T20:59:34.216Z I "scheduling to check sse in",10,"seconds"
2021-03-19T20:59:34.216Z I "sse info not available, skip reconnect"
2021-03-19T20:59:44.227Z I "scheduling to check sse in",10,"seconds"
2021-03-19T20:59:44.227Z I "sse info not available, skip reconnect"
2021-03-19T20:59:54.236Z I "scheduling to check sse in",10,"seconds"
2021-03-19T20:59:54.236Z I "sse info not available, skip reconnect"
2021-03-19T21:00:04.246Z I "scheduling to check sse in",10,"seconds"
2021-03-19T21:00:04.246Z I "sse info not available, skip reconnect"
2021-03-19T21:00:14.256Z I "scheduling to check sse in",10,"seconds"
2021-03-19T21:00:14.256Z I "sse info not available, skip reconnect"
2021-03-19T21:00:24.260Z I "scheduling to check sse in",10,"seconds"
2021-03-19T21:00:24.260Z I "sse info not available, skip reconnect"
2021-03-19T21:00:34.270Z I "scheduling to check sse in",10,"seconds"
2021-03-19T21:00:34.270Z I "sse info not available, skip reconnect"
2021-03-19T21:00:44.280Z I "scheduling to check sse in",10,"seconds"
2021-03-19T21:00:44.280Z I "sse info not available, skip reconnect"
2021-03-19T21:00:54.289Z I "scheduling to check sse in",10,"seconds"
2021-03-19T21:00:54.289Z I "sse info not available, skip reconnect"
2021-03-19T21:01:04.299Z I "scheduling to check sse in",10,"seconds"
2021-03-19T21:01:04.299Z I "sse info not available, skip reconnect"
2021-03-19T21:01:14.308Z I "scheduling to check sse in",10,"seconds"
2021-03-19T21:01:14.308Z I "sse info not available, skip reconnect"
2021-03-19T21:01:24.317Z I "scheduling to check sse in",10,"seconds"
2021-03-19T21:01:24.317Z I "sse info not available, skip reconnect"
2021-03-19T21:01:34.327Z I "scheduling to check sse in",10,"seconds"
2021-03-19T21:01:34.327Z I "sse info not available, skip reconnect"
2021-03-19T21:01:44.335Z I "scheduling to check sse in",10,"seconds"
2021-03-19T21:01:44.335Z I "sse info not available, skip reconnect"
2021-03-19T21:01:54.345Z I "scheduling to check sse in",10,"seconds"
2021-03-19T21:01:54.345Z I "sse info not available, skip reconnect"
2021-03-19T21:02:04.355Z I "scheduling to check sse in",10,"seconds"
2021-03-19T21:02:04.355Z I "sse info not available, skip reconnect"
2021-03-19T21:02:14.364Z I "scheduling to check sse in",10,"seconds"
2021-03-19T21:02:14.364Z I "sse info not available, skip reconnect"
2021-03-19T21:02:24.374Z I "scheduling to check sse in",10,"seconds"
2021-03-19T21:02:24.374Z I "sse info not available, skip reconnect"
2021-03-19T21:02:34.384Z I "scheduling to check sse in",10,"seconds"
2021-03-19T21:02:34.384Z I "sse info not available, skip reconnect"
2021-03-19T21:02:44.393Z I "scheduling to check sse in",10,"seconds"
2021-03-19T21:02:44.393Z I "sse info not available, skip reconnect"
2021-03-19T21:02:54.403Z I "scheduling to check sse in",10,"seconds"
2021-03-19T21:02:54.403Z I "sse info not available, skip reconnect"
2021-03-19T21:03:04.412Z I "scheduling to check sse in",10,"seconds"
2021-03-19T21:03:04.412Z I "sse info not available, skip reconnect"
2021-03-19T21:03:14.421Z I "scheduling to check sse in",10,"seconds"
2021-03-19T21:03:14.421Z I "sse info not available, skip reconnect"
2021-03-19T21:03:24.431Z I "scheduling to check sse in",10,"seconds"
2021-03-19T21:03:24.431Z I "sse info not available, skip reconnect"
2021-03-19T21:03:34.441Z I "scheduling to check sse in",10,"seconds"
2021-03-19T21:03:34.441Z I "sse info not available, skip reconnect"
2021-03-19T21:03:44.450Z I "scheduling to check sse in",10,"seconds"
2021-03-19T21:03:44.450Z I "sse info not available, skip reconnect"
2021-03-19T21:03:54.460Z I "scheduling to check sse in",10,"seconds"
2021-03-19T21:03:54.460Z I "sse info not available, skip reconnect"
2021-03-19T21:04:04.469Z I "scheduling to check sse in",10,"seconds"
2021-03-19T21:04:04.469Z I "sse info not available, skip reconnect"
2021-03-19T21:04:14.479Z I "scheduling to check sse in",10,"seconds"
2021-03-19T21:04:14.479Z I "sse info not available, skip reconnect"
2021-03-19T21:04:24.488Z I "scheduling to check sse in",10,"seconds"
2021-03-19T21:04:24.488Z I "sse info not available, skip reconnect"
2021-03-19T21:04:34.498Z I "scheduling to check sse in",10,"seconds"
2021-03-19T21:04:34.498Z I "sse info not available, skip reconnect"
2021-03-19T21:04:44.508Z I "scheduling to check sse in",10,"seconds"
2021-03-19T21:04:44.508Z I "sse info not available, skip reconnect"
2021-03-19T21:04:54.517Z I "scheduling to check sse in",10,"seconds"
2021-03-19T21:04:54.517Z I "sse info not available, skip reconnect"
2021-03-19T21:05:04.527Z I "scheduling to check sse in",10,"seconds"
2021-03-19T21:05:04.527Z I "sse info not available, skip reconnect"
2021-03-19T21:05:14.535Z I "scheduling to check sse in",10,"seconds"
2021-03-19T21:05:14.535Z I "sse info not available, skip reconnect"
2021-03-19T21:05:24.544Z I "scheduling to check sse in",10,"seconds"
2021-03-19T21:05:24.544Z I "sse info not available, skip reconnect"
2021-03-19T21:05:34.553Z I "scheduling to check sse in",10,"seconds"
2021-03-19T21:05:34.553Z I "sse info not available, skip reconnect"
2021-03-19T21:05:44.563Z I "scheduling to check sse in",10,"seconds"
2021-03-19T21:05:44.563Z I "sse info not available, skip reconnect"
2021-03-19T21:05:54.572Z I "scheduling to check sse in",10,"seconds"
2021-03-19T21:05:54.572Z I "sse info not available, skip reconnect"
2021-03-19T21:06:04.582Z I "scheduling to check sse in",10,"seconds"
2021-03-19T21:06:04.582Z I "sse info not available, skip reconnect"
2021-03-19T21:06:14.592Z I "scheduling to check sse in",10,"seconds"
2021-03-19T21:06:14.592Z I "sse info not available, skip reconnect"
2021-03-19T21:06:24.601Z I "scheduling to check sse in",10,"seconds"
2021-03-19T21:06:24.601Z I "sse info not available, skip reconnect"
2021-03-19T21:06:34.611Z I "scheduling to check sse in",10,"seconds"
2021-03-19T21:06:34.611Z I "sse info not available, skip reconnect"
2021-03-19T21:06:44.621Z I "scheduling to check sse in",10,"seconds"
2021-03-19T21:06:44.621Z I "sse info not available, skip reconnect"
2021-03-19T21:06:54.630Z I "scheduling to check sse in",10,"seconds"
2021-03-19T21:06:54.630Z I "sse info not available, skip reconnect"
2021-03-19T21:07:04.640Z I "scheduling to check sse in",10,"seconds"
2021-03-19T21:07:04.640Z I "sse info not available, skip reconnect"
2021-03-19T21:07:14.649Z I "scheduling to check sse in",10,"seconds"
2021-03-19T21:07:14.649Z I "sse info not available, skip reconnect"
2021-03-19T21:07:24.659Z I "scheduling to check sse in",10,"seconds"
2021-03-19T21:07:24.659Z I "sse info not available, skip reconnect"
2021-03-19T21:07:34.668Z I "scheduling to check sse in",10,"seconds"
2021-03-19T21:07:34.668Z I "sse info not available, skip reconnect"
2021-03-19T21:07:44.677Z I "scheduling to check sse in",10,"seconds"
2021-03-19T21:07:44.677Z I "sse info not available, skip reconnect"
2021-03-19T21:07:54.687Z I "scheduling to check sse in",10,"seconds"
2021-03-19T21:07:54.687Z I "sse info not available, skip reconnect"
2021-03-19T21:08:04.697Z I "scheduling to check sse in",10,"seconds"
2021-03-19T21:08:04.697Z I "sse info not available, skip reconnect"
2021-03-19T21:08:14.706Z I "scheduling to check sse in",10,"seconds"
2021-03-19T21:08:14.706Z I "sse info not available, skip reconnect"
2021-03-19T21:08:24.717Z I "scheduling to check sse in",10,"seconds"
2021-03-19T21:08:24.717Z I "sse info not available, skip reconnect"
2021-03-19T21:08:34.726Z I "scheduling to check sse in",10,"seconds"
2021-03-19T21:08:34.726Z I "sse info not available, skip reconnect"
2021-03-19T21:08:44.737Z I "scheduling to check sse in",10,"seconds"
2021-03-19T21:08:44.737Z I "sse info not available, skip reconnect"
2021-03-19T21:08:54.747Z I "scheduling to check sse in",10,"seconds"
2021-03-19T21:08:54.747Z I "sse info not available, skip reconnect"
2021-03-19T21:09:04.757Z I "scheduling to check sse in",10,"seconds"
2021-03-19T21:09:04.757Z I "sse info not available, skip reconnect"
2021-03-19T21:09:14.767Z I "scheduling to check sse in",10,"seconds"
2021-03-19T21:09:14.767Z I "sse info not available, skip reconnect"
2021-03-19T21:09:24.776Z I "scheduling to check sse in",10,"seconds"
2021-03-19T21:09:24.776Z I "sse info not available, skip reconnect"
2021-03-19T21:09:34.785Z I "scheduling to check sse in",10,"seconds"
2021-03-19T21:09:34.785Z I "sse info not available, skip reconnect"
2021-03-19T21:09:44.795Z I "scheduling to check sse in",10,"seconds"
2021-03-19T21:09:44.795Z I "sse info not available, skip reconnect"
2021-03-19T21:09:54.805Z I "scheduling to check sse in",10,"seconds"
2021-03-19T21:09:54.805Z I "sse info not available, skip reconnect"
2021-03-19T21:10:04.815Z I "scheduling to check sse in",10,"seconds"
2021-03-19T21:10:04.815Z I "sse info not available, skip reconnect"
2021-03-19T21:10:14.825Z I "scheduling to check sse in",10,"seconds"
2021-03-19T21:10:14.825Z I "sse info not available, skip reconnect"
2021-03-19T21:10:24.834Z I "scheduling to check sse in",10,"seconds"
2021-03-19T21:10:24.834Z I "sse info not available, skip reconnect"
2021-03-19T21:10:32.768Z I "saving bounds:",{"fullscreen":false,"rect":{"x":18,"y":38,"width":1884,"height":1024},"scale":1}
2021-03-19T21:10:34.836Z I "scheduling to check sse in",10,"seconds"
2021-03-19T21:10:34.836Z I "sse info not available, skip reconnect"
2021-03-19T21:10:44.845Z I "scheduling to check sse in",10,"seconds"
2021-03-19T21:10:44.845Z I "sse info not available, skip reconnect"
2021-03-19T21:10:54.854Z I "scheduling to check sse in",10,"seconds"
2021-03-19T21:10:54.854Z I "sse info not available, skip reconnect"
2021-03-19T21:11:04.865Z I "scheduling to check sse in",10,"seconds"
2021-03-19T21:11:04.865Z I "sse info not available, skip reconnect"
2021-03-19T21:11:14.874Z I "scheduling to check sse in",10,"seconds"
2021-03-19T21:11:14.874Z I "sse info not available, skip reconnect"